[2024/08/08 17:55:02] ppocr DEBUG: Namespace(alpha=1.0, alphacolor=(255, 255, 255), benchmark=False, beta=1.0, binarize=False, cls_batch_num=6, cls_image_shape='3, 48, 192', cls_model_dir='/root/.paddleocr/whl/cls/ch_ppocr_mobile_v2.0_cls_infer', cls_thresh=0.9, cpu_threads=10, crop_res_save_dir='./output', det=True, det_algorithm='DB', det_box_type='quad', det_db_box_thresh=0.6, det_db_score_mode='fast', det_db_thresh=0.3, det_db_unclip_ratio=1.5, det_east_cover_thresh=0.1, det_east_nms_thresh=0.2, det_east_score_thresh=0.8, det_limit_side_len=960, det_limit_type='max', det_model_dir='/root/.paddleocr/whl/det/ch/ch_PP-OCRv4_det_infer', det_pse_box_thresh=0.85, det_pse_min_area=16, det_pse_scale=1, det_pse_thresh=0, det_sast_nms_thresh=0.2, det_sast_score_thresh=0.5, draw_img_save_dir='./inference_results', drop_score=0.5, e2e_algorithm='PGNet', e2e_char_dict_path='./ppocr/utils/ic15_dict.txt', e2e_limit_side_len=768, e2e_limit_type='max', e2e_model_dir=None, e2e_pgnet_mode='fast', e2e_pgnet_score_thresh=0.5, e2e_pgnet_valid_set='totaltext', enable_mkldnn=False, fourier_degree=5, gpu_id=0, gpu_mem=500, help='==SUPPRESS==', image_dir=None, image_orientation=False, invert=False, ir_optim=True, kie_algorithm='LayoutXLM', label_list=['0', '180'], lang='ch', layout=True, layout_dict_path=None, layout_model_dir=None, layout_nms_threshold=0.5, layout_score_threshold=0.5, max_batch_size=10, max_text_length=25, merge_no_span_structure=True, min_subgraph_size=15, mode='structure', ocr=True, ocr_order_method=None, ocr_version='PP-OCRv4', output='./output', page_num=0, precision='fp32', process_id=0, re_model_dir=None, rec=True, rec_algorithm='SVTR_LCNet', rec_batch_num=6, rec_char_dict_path='/home/dell/anaconda3/envs/paddlenlp/lib/python3.8/site-packages/paddleocr/ppocr/utils/ppocr_keys_v1.txt', rec_image_inverse=True, rec_image_shape='3, 48, 320', rec_model_dir='/root/.paddleocr/whl/rec/ch/ch_PP-OCRv4_rec_infer', recovery=False, return_word_box=False, save_crop_res=False, save_log_path='./log_output/', savefile=False, scales=[8, 16, 32], ser_dict_path='../train_data/XFUND/class_list_xfun.txt', ser_model_dir=None, show_log=True, sr_batch_num=1, sr_image_shape='3, 32, 128', sr_model_dir=None, structure_version='PP-StructureV2', table=True, table_algorithm='TableAttn', table_char_dict_path=None, table_max_len=488, table_model_dir=None, total_process_num=1, type='ocr', use_angle_cls=True, use_dilation=False, use_gpu=False, use_mlu=False, use_mp=False, use_npu=False, use_onnx=False, use_pdf2docx_api=False, use_pdserving=False, use_space_char=True, use_tensorrt=False, use_visual_backbone=True, use_xpu=False, vis_font_path='./doc/fonts/simfang.ttf', warmup=False)
[2024/08/08 17:55:04] ppocr DEBUG: dt_boxes num : 227, elapsed : 0.4935176372528076
[2024/08/08 17:55:05] ppocr DEBUG: cls num  : 227, elapsed : 0.6166369915008545
[2024/08/08 17:55:16] ppocr DEBUG: rec_res num  : 227, elapsed : 11.620934009552002
[2024/08/08 17:55:16] ppocr DEBUG: dt_boxes num : 202, elapsed : 0.33617067337036133
[2024/08/08 17:55:17] ppocr DEBUG: cls num  : 202, elapsed : 0.6000688076019287
[2024/08/08 17:55:27] ppocr DEBUG: rec_res num  : 202, elapsed : 10.028887033462524
[2024/08/08 17:55:28] ppocr DEBUG: dt_boxes num : 333, elapsed : 0.39546990394592285
[2024/08/08 17:55:29] ppocr DEBUG: cls num  : 333, elapsed : 0.985905647277832
[2024/08/08 17:55:44] ppocr DEBUG: rec_res num  : 333, elapsed : 15.338086605072021
[2024/08/08 17:55:44] ppocr DEBUG: dt_boxes num : 47, elapsed : 0.4897646903991699
[2024/08/08 17:55:45] ppocr DEBUG: cls num  : 47, elapsed : 0.15650367736816406
[2024/08/08 17:55:57] ppocr DEBUG: rec_res num  : 47, elapsed : 12.560196876525879
[2024/08/08 17:55:57] ppocr DEBUG: dt_boxes num : 46, elapsed : 0.33609580993652344
[2024/08/08 17:55:58] ppocr DEBUG: cls num  : 46, elapsed : 0.19280099868774414
Traceback (most recent call last):
  File "/data/zhaoshuofeng/workplace/hongan_data/研报+OCR/code_folder/paddleOCR.py", line 32, in <module>
    result = ocr.ocr(img_path, cls=True)
  File "/home/dell/anaconda3/envs/paddlenlp/lib/python3.8/site-packages/paddleocr/paddleocr.py", line 729, in ocr
    dt_boxes, rec_res, _ = self.__call__(img, cls, slice)
  File "/home/dell/anaconda3/envs/paddlenlp/lib/python3.8/site-packages/paddleocr/tools/infer/predict_system.py", line 144, in __call__
    rec_res, elapse = self.text_recognizer(img_crop_list)
  File "/home/dell/anaconda3/envs/paddlenlp/lib/python3.8/site-packages/paddleocr/tools/infer/predict_rec.py", line 677, in __call__
    self.predictor.run()
KeyboardInterrupt
